Symlinking /root/CS4501-Labs/lab3_ws/devel/include/sensor_simulation/calibrate.h
Symlinking /root/CS4501-Labs/lab3_ws/devel/include/sensor_simulation/calibrateRequest.h
Symlinking /root/CS4501-Labs/lab3_ws/devel/include/sensor_simulation/calibrateResponse.h
Linked: (/root/CS4501-Labs/lab3_ws/devel/.private/sensor_simulation/lib/pkgconfig/sensor_simulation.pc, /root/CS4501-Labs/lab3_ws/devel/lib/pkgconfig/sensor_simulation.pc)
Symlinking /root/CS4501-Labs/lab3_ws/devel/lib/python2.7/dist-packages/sensor_simulation/__init__.py
Symlinking /root/CS4501-Labs/lab3_ws/devel/lib/python2.7/dist-packages/sensor_simulation/srv/_calibrate.py
Symlinking /root/CS4501-Labs/lab3_ws/devel/lib/python2.7/dist-packages/sensor_simulation/srv/__init__.py
Symlinking /root/CS4501-Labs/lab3_ws/devel/share/common-lisp/ros/sensor_simulation/srv/calibrate.lisp
Symlinking /root/CS4501-Labs/lab3_ws/devel/share/common-lisp/ros/sensor_simulation/srv/sensor_simulation-srv.asd
Symlinking /root/CS4501-Labs/lab3_ws/devel/share/common-lisp/ros/sensor_simulation/srv/_package.lisp
Symlinking /root/CS4501-Labs/lab3_ws/devel/share/common-lisp/ros/sensor_simulation/srv/_package_calibrate.lisp
Symlinking /root/CS4501-Labs/lab3_ws/devel/share/gennodejs/ros/sensor_simulation/_index.js
Symlinking /root/CS4501-Labs/lab3_ws/devel/share/gennodejs/ros/sensor_simulation/srv/calibrate.js
Symlinking /root/CS4501-Labs/lab3_ws/devel/share/gennodejs/ros/sensor_simulation/srv/_index.js
Symlinking /root/CS4501-Labs/lab3_ws/devel/share/roseus/ros/sensor_simulation/manifest.l
Symlinking /root/CS4501-Labs/lab3_ws/devel/share/roseus/ros/sensor_simulation/srv/calibrate.l
Symlinking /root/CS4501-Labs/lab3_ws/devel/share/sensor_simulation/cmake/sensor_simulation-msg-extras.cmake
Symlinking /root/CS4501-Labs/lab3_ws/devel/share/sensor_simulation/cmake/sensor_simulation-msg-paths.cmake
Linked: (/root/CS4501-Labs/lab3_ws/devel/.private/sensor_simulation/share/sensor_simulation/cmake/sensor_simulationConfig-version.cmake, /root/CS4501-Labs/lab3_ws/devel/share/sensor_simulation/cmake/sensor_simulationConfig-version.cmake)
Linked: (/root/CS4501-Labs/lab3_ws/devel/.private/sensor_simulation/share/sensor_simulation/cmake/sensor_simulationConfig.cmake, /root/CS4501-Labs/lab3_ws/devel/share/sensor_simulation/cmake/sensor_simulationConfig.cmake)
