Determining if the pthread_create exist failed with the following output:
Change Dir: /root/CS4501-Labs/lab8_ws/build/visualizer/CMakeFiles/CMakeTmp

Run Build Command:"/usr/bin/make" "cmTC_9063c/fast"
/usr/bin/make -f CMakeFiles/cmTC_9063c.dir/build.make CMakeFiles/cmTC_9063c.dir/build
make[1]: Entering directory '/root/CS4501-Labs/lab8_ws/build/visualizer/CMakeFiles/CMakeTmp'
Building C object CMakeFiles/cmTC_9063c.dir/CheckSymbolExists.c.o
/usr/bin/cc    -o CMakeFiles/cmTC_9063c.dir/CheckSymbolExists.c.o   -c /root/CS4501-Labs/lab8_ws/build/visualizer/CMakeFiles/CMakeTmp/CheckSymbolExists.c
Linking C executable cmTC_9063c
/usr/bin/cmake -E cmake_link_script CMakeFiles/cmTC_9063c.dir/link.txt --verbose=1
/usr/bin/cc      -rdynamic CMakeFiles/cmTC_9063c.dir/CheckSymbolExists.c.o  -o cmTC_9063c 
CMakeFiles/cmTC_9063c.dir/CheckSymbolExists.c.o: In function `main':
CheckSymbolExists.c:(.text+0x1b): undefined reference to `pthread_create'
collect2: error: ld returned 1 exit status
CMakeFiles/cmTC_9063c.dir/build.make:97: recipe for target 'cmTC_9063c' failed
make[1]: *** [cmTC_9063c] Error 1
make[1]: Leaving directory '/root/CS4501-Labs/lab8_ws/build/visualizer/CMakeFiles/CMakeTmp'
Makefile:126: recipe for target 'cmTC_9063c/fast' failed
make: *** [cmTC_9063c/fast] Error 2

File /root/CS4501-Labs/lab8_ws/build/visualizer/CMakeFiles/CMakeTmp/CheckSymbolExists.c:
/* */
#include <pthread.h>

int main(int argc, char** argv)
{
  (void)argv;
#ifndef pthread_create
  return ((int*)(&pthread_create))[argc];
#else
  (void)argc;
  return 0;
#endif
}

Determining if the function pthread_create exists in the pthreads failed with the following output:
Change Dir: /root/CS4501-Labs/lab8_ws/build/visualizer/CMakeFiles/CMakeTmp

Run Build Command:"/usr/bin/make" "cmTC_cd64c/fast"
/usr/bin/make -f CMakeFiles/cmTC_cd64c.dir/build.make CMakeFiles/cmTC_cd64c.dir/build
make[1]: Entering directory '/root/CS4501-Labs/lab8_ws/build/visualizer/CMakeFiles/CMakeTmp'
Building C object CMakeFiles/cmTC_cd64c.dir/CheckFunctionExists.c.o
/usr/bin/cc   -DCHECK_FUNCTION_EXISTS=pthread_create   -o CMakeFiles/cmTC_cd64c.dir/CheckFunctionExists.c.o   -c /usr/share/cmake-3.10/Modules/CheckFunctionExists.c
Linking C executable cmTC_cd64c
/usr/bin/cmake -E cmake_link_script CMakeFiles/cmTC_cd64c.dir/link.txt --verbose=1
/usr/bin/cc  -DCHECK_FUNCTION_EXISTS=pthread_create    -rdynamic CMakeFiles/cmTC_cd64c.dir/CheckFunctionExists.c.o  -o cmTC_cd64c -lpthreads 
/usr/bin/ld: cannot find -lpthreads
collect2: error: ld returned 1 exit status
CMakeFiles/cmTC_cd64c.dir/build.make:97: recipe for target 'cmTC_cd64c' failed
make[1]: *** [cmTC_cd64c] Error 1
make[1]: Leaving directory '/root/CS4501-Labs/lab8_ws/build/visualizer/CMakeFiles/CMakeTmp'
Makefile:126: recipe for target 'cmTC_cd64c/fast' failed
make: *** [cmTC_cd64c/fast] Error 2


