Determining if the pthread_create exist failed with the following output:
Change Dir: /root/CS4501-Labs/lab4_ws/build/visualizer/CMakeFiles/CMakeTmp

Run Build Command:"/usr/bin/make" "cmTC_76db5/fast"
/usr/bin/make -f CMakeFiles/cmTC_76db5.dir/build.make CMakeFiles/cmTC_76db5.dir/build
make[1]: Entering directory '/root/CS4501-Labs/lab4_ws/build/visualizer/CMakeFiles/CMakeTmp'
Building C object CMakeFiles/cmTC_76db5.dir/CheckSymbolExists.c.o
/usr/bin/cc    -o CMakeFiles/cmTC_76db5.dir/CheckSymbolExists.c.o   -c /root/CS4501-Labs/lab4_ws/build/visualizer/CMakeFiles/CMakeTmp/CheckSymbolExists.c
Linking C executable cmTC_76db5
/usr/bin/cmake -E cmake_link_script CMakeFiles/cmTC_76db5.dir/link.txt --verbose=1
/usr/bin/cc      -rdynamic CMakeFiles/cmTC_76db5.dir/CheckSymbolExists.c.o  -o cmTC_76db5 
CMakeFiles/cmTC_76db5.dir/CheckSymbolExists.c.o: In function `main':
CheckSymbolExists.c:(.text+0x1b): undefined reference to `pthread_create'
collect2: error: ld returned 1 exit status
CMakeFiles/cmTC_76db5.dir/build.make:97: recipe for target 'cmTC_76db5' failed
make[1]: *** [cmTC_76db5] Error 1
make[1]: Leaving directory '/root/CS4501-Labs/lab4_ws/build/visualizer/CMakeFiles/CMakeTmp'
Makefile:126: recipe for target 'cmTC_76db5/fast' failed
make: *** [cmTC_76db5/fast] Error 2

File /root/CS4501-Labs/lab4_ws/build/visualizer/CMakeFiles/CMakeTmp/CheckSymbolExists.c:
/* */
#include <pthread.h>

int main(int argc, char** argv)
{
  (void)argv;
#ifndef pthread_create
  return ((int*)(&pthread_create))[argc];
#else
  (void)argc;
  return 0;
#endif
}

Determining if the function pthread_create exists in the pthreads failed with the following output:
Change Dir: /root/CS4501-Labs/lab4_ws/build/visualizer/CMakeFiles/CMakeTmp

Run Build Command:"/usr/bin/make" "cmTC_b8989/fast"
/usr/bin/make -f CMakeFiles/cmTC_b8989.dir/build.make CMakeFiles/cmTC_b8989.dir/build
make[1]: Entering directory '/root/CS4501-Labs/lab4_ws/build/visualizer/CMakeFiles/CMakeTmp'
Building C object CMakeFiles/cmTC_b8989.dir/CheckFunctionExists.c.o
/usr/bin/cc   -DCHECK_FUNCTION_EXISTS=pthread_create   -o CMakeFiles/cmTC_b8989.dir/CheckFunctionExists.c.o   -c /usr/share/cmake-3.10/Modules/CheckFunctionExists.c
Linking C executable cmTC_b8989
/usr/bin/cmake -E cmake_link_script CMakeFiles/cmTC_b8989.dir/link.txt --verbose=1
/usr/bin/cc  -DCHECK_FUNCTION_EXISTS=pthread_create    -rdynamic CMakeFiles/cmTC_b8989.dir/CheckFunctionExists.c.o  -o cmTC_b8989 -lpthreads 
/usr/bin/ld: cannot find -lpthreads
collect2: error: ld returned 1 exit status
CMakeFiles/cmTC_b8989.dir/build.make:97: recipe for target 'cmTC_b8989' failed
make[1]: *** [cmTC_b8989] Error 1
make[1]: Leaving directory '/root/CS4501-Labs/lab4_ws/build/visualizer/CMakeFiles/CMakeTmp'
Makefile:126: recipe for target 'cmTC_b8989/fast' failed
make: *** [cmTC_b8989/fast] Error 2


