[35m[1mScanning dependencies of target std_msgs_generate_messages_nodejs[0m
[35m[1mScanning dependencies of target std_msgs_generate_messages_lisp[0m
[35m[1mScanning dependencies of target _keyboard_generate_messages_check_deps_Key[0m
[35m[1mScanning dependencies of target std_msgs_generate_messages_eus[0m
[35m[1mScanning dependencies of target std_msgs_generate_messages_py[0m
[35m[1mScanning dependencies of target std_msgs_generate_messages_cpp[0m
[  0%] Built target std_msgs_generate_messages_lisp
[  0%] Built target std_msgs_generate_messages_nodejs
[  0%] Built target std_msgs_generate_messages_eus
[  0%] Built target std_msgs_generate_messages_py
[  0%] Built target std_msgs_generate_messages_cpp
[  0%] Built target _keyboard_generate_messages_check_deps_Key
[35m[1mScanning dependencies of target keyboard_generate_messages_nodejs[0m
[35m[1mScanning dependencies of target keyboard_generate_messages_py[0m
[35m[1mScanning dependencies of target keyboard_generate_messages_lisp[0m
[35m[1mScanning dependencies of target keyboard_generate_messages_cpp[0m
[35m[1mScanning dependencies of target keyboard_generate_messages_eus[0m
[ 10%] Built target keyboard_generate_messages_nodejs
[ 40%] Built target keyboard_generate_messages_py
[ 40%] Built target keyboard_generate_messages_lisp
[ 50%] Built target keyboard_generate_messages_cpp
[ 70%] Built target keyboard_generate_messages_eus
[35m[1mScanning dependencies of target keyboard_gencpp[0m
[ 70%] Built target keyboard_gencpp
[35m[1mScanning dependencies of target keyboard_generate_messages[0m
[35m[1mScanning dependencies of target keyboard[0m
[ 70%] Built target keyboard_generate_messages
[ 90%] [32mBuilding CXX object CMakeFiles/keyboard.dir/src/main.cpp.o[0m
[ 90%] [32mBuilding CXX object CMakeFiles/keyboard.dir/src/keyboard.cpp.o[0m
[100%] [32m[1mLinking CXX executable /root/CS4501-Labs/lab3_ws/devel/.private/keyboard/lib/keyboard/keyboard[0m
[100%] Built target keyboard
