[35m[1mScanning dependencies of target std_msgs_generate_messages_eus[0m
[35m[1mScanning dependencies of target _simple_control_generate_messages_check_deps_toggle_geofence[0m
[35m[1mScanning dependencies of target std_msgs_generate_messages_py[0m
[35m[1mScanning dependencies of target std_msgs_generate_messages_nodejs[0m
[35m[1mScanning dependencies of target std_msgs_generate_messages_cpp[0m
[35m[1mScanning dependencies of target std_msgs_generate_messages_lisp[0m
[  0%] Built target std_msgs_generate_messages_eus
[  0%] Built target std_msgs_generate_messages_py
[  0%] Built target std_msgs_generate_messages_nodejs
[  0%] Built target std_msgs_generate_messages_cpp
[  0%] Built target std_msgs_generate_messages_lisp
[  0%] Built target _simple_control_generate_messages_check_deps_toggle_geofence
[35m[1mScanning dependencies of target simple_control_generate_messages_cpp[0m
[35m[1mScanning dependencies of target simple_control_generate_messages_py[0m
[35m[1mScanning dependencies of target simple_control_generate_messages_lisp[0m
[35m[1mScanning dependencies of target simple_control_generate_messages_nodejs[0m
[35m[1mScanning dependencies of target simple_control_generate_messages_eus[0m
[ 14%] Built target simple_control_generate_messages_cpp
[ 57%] Built target simple_control_generate_messages_lisp
[ 71%] Built target simple_control_generate_messages_nodejs
[ 71%] Built target simple_control_generate_messages_py
[100%] Built target simple_control_generate_messages_eus
[35m[1mScanning dependencies of target simple_control_generate_messages[0m
[100%] Built target simple_control_generate_messages
