[36m--[0m Using CATKIN_DEVEL_PREFIX: /root/CS4501-Labs/lab3_ws/devel/.private/simple_control
[36m--[0m Using CMAKE_PREFIX_PATH: /root/CS4501-Labs/lab3_ws/devel;/opt/ros/melodic
[36m--[0m This workspace overlays: /root/CS4501-Labs/lab3_ws/devel;/opt/ros/melodic
[36m--[0m Found PythonInterp: /usr/bin/python2 (found suitable version "2.7.17", minimum required is "2")
[36m--[0m Using PYTHON_EXECUTABLE: /usr/bin/python2
[36m--[0m Using Debian Python package layout
[36m--[0m Using empy: /usr/bin/empy
[36m--[0m Using CATKIN_ENABLE_TESTING: ON
[36m--[0m Call enable_testing()
[36m--[0m Using CATKIN_TEST_RESULTS_DIR: /root/CS4501-Labs/lab3_ws/build/simple_control/test_results
[36m--[0m Found gtest sources under '/usr/src/googletest': gtests will be built
[36m--[0m Found gmock sources under '/usr/src/googletest': gmock will be built
[36m--[0m Found PythonInterp: /usr/bin/python2 (found version "2.7.17")
[36m--[0m Using Python nosetests: /usr/bin/nosetests-2.7
[36m--[0m catkin 0.7.29
[36m--[0m BUILD_SHARED_LIBS is on
[36m--[0m Using these message generators: gencpp;geneus;genlisp;gennodejs;genpy
[31m[1mCMake Error[0m at /opt/ros/melodic/share/catkin/cmake/assert.cmake:20 (message):


  Assertion failed: file
  '/root/CS4501-Labs/lab3_ws/src/simple_control/srv/toggle_georeference.srv'
  does not exist.  Message: service file not found

[36mCall Stack (most recent call first):[0m
  /opt/ros/melodic/share/genmsg/cmake/genmsg-extras.cmake:170 (assert_file_exists)
  CMakeLists.txt:58 (add_service_files)


[36m--[0m Configuring incomplete, errors occurred!
See also "/root/CS4501-Labs/lab3_ws/build/simple_control/CMakeFiles/CMakeOutput.log".
See also "/root/CS4501-Labs/lab3_ws/build/simple_control/CMakeFiles/CMakeError.log".
Makefile:460: recipe for target 'cmake_check_build_system' failed
make: *** [cmake_check_build_system] Error 1
